[debug] [2025-12-15T16:44:20.396Z] ----------------------------------------------------------------------
[debug] [2025-12-15T16:44:20.398Z] Command:       C:\Program Files\nodejs\node.exe C:\Users\STUDIO\AppData\Roaming\npm\node_modules\firebase-tools\lib\bin\firebase.js init hosting
[debug] [2025-12-15T16:44:20.398Z] CLI Version:   15.0.0
[debug] [2025-12-15T16:44:20.398Z] Platform:      win32
[debug] [2025-12-15T16:44:20.398Z] Node Version:  v24.11.1
[debug] [2025-12-15T16:44:20.398Z] Time:          Mon Dec 15 2025 11:44:20 GMT-0500 (hora estándar de Colombia)
[debug] [2025-12-15T16:44:20.398Z] ----------------------------------------------------------------------
[debug] 
[info] 
     ######## #### ########  ######## ########     ###     ######  ########
     ##        ##  ##     ## ##       ##     ##  ##   ##  ##       ##
     ######    ##  ########  ######   ########  #########  ######  ######
     ##        ##  ##    ##  ##       ##     ## ##     ##       ## ##
     ##       #### ##     ## ######## ########  ##     ##  ######  ########

You're about to initialize a Firebase project in this directory:

  H:\Mi unidad\Educación\Machine Learning\FastMathGame

[info] 
=== Project Setup
[info] 
[info] First, let's associate this project directory with a Firebase project.
[info] You can create multiple project aliases by running firebase use --add, 
[info] 
